CRITICAL - 2022-12-14 00:56:32 --> Undefined property: stdClass::$results
in APPPATH\Controllers\RajaOngkir.php on line 22.
 1 APPPATH\Controllers\RajaOngkir.php(22): CodeIgniter\Debug\Exceptions->errorHandler(8, 'Undefined property: stdClass::$results', 'APPPATH\\Controllers\\RajaOngkir.php', 22, [...])
 2 SYSTEMPATH\CodeIgniter.php(927): App\Controllers\RajaOngkir->cart()
 3 SYSTEMPATH\CodeIgniter.php(482): CodeIgniter\CodeIgniter->runController(Object(App\Controllers\RajaOngkir))
 4 SYSTEMPATH\CodeIgniter.php(351): CodeIgniter\CodeIgniter->handleRequest(null, Object(Config\Cache), false)
 5 FCPATH\index.php(67): CodeIgniter\CodeIgniter->run()
CRITICAL - 2022-12-14 00:56:54 --> Undefined property: stdClass::$results
in APPPATH\Controllers\RajaOngkir.php on line 22.
 1 APPPATH\Controllers\RajaOngkir.php(22): CodeIgniter\Debug\Exceptions->errorHandler(8, 'Undefined property: stdClass::$results', 'APPPATH\\Controllers\\RajaOngkir.php', 22, [...])
 2 SYSTEMPATH\CodeIgniter.php(927): App\Controllers\RajaOngkir->cart()
 3 SYSTEMPATH\CodeIgniter.php(482): CodeIgniter\CodeIgniter->runController(Object(App\Controllers\RajaOngkir))
 4 SYSTEMPATH\CodeIgniter.php(351): CodeIgniter\CodeIgniter->handleRequest(null, Object(Config\Cache), false)
 5 FCPATH\index.php(67): CodeIgniter\CodeIgniter->run()
CRITICAL - 2022-12-14 00:57:44 --> Undefined property: stdClass::$results
in APPPATH\Controllers\RajaOngkir.php on line 22.
 1 APPPATH\Controllers\RajaOngkir.php(22): CodeIgniter\Debug\Exceptions->errorHandler(8, 'Undefined property: stdClass::$results', 'APPPATH\\Controllers\\RajaOngkir.php', 22, [...])
 2 SYSTEMPATH\CodeIgniter.php(927): App\Controllers\RajaOngkir->cart()
 3 SYSTEMPATH\CodeIgniter.php(482): CodeIgniter\CodeIgniter->runController(Object(App\Controllers\RajaOngkir))
 4 SYSTEMPATH\CodeIgniter.php(351): CodeIgniter\CodeIgniter->handleRequest(null, Object(Config\Cache), false)
 5 FCPATH\index.php(67): CodeIgniter\CodeIgniter->run()
CRITICAL - 2022-12-14 01:05:22 --> Undefined property: stdClass::$results
in APPPATH\Controllers\RajaOngkir.php on line 22.
 1 APPPATH\Controllers\RajaOngkir.php(22): CodeIgniter\Debug\Exceptions->errorHandler(8, 'Undefined property: stdClass::$results', 'APPPATH\\Controllers\\RajaOngkir.php', 22, [...])
 2 SYSTEMPATH\CodeIgniter.php(927): App\Controllers\RajaOngkir->cart()
 3 SYSTEMPATH\CodeIgniter.php(482): CodeIgniter\CodeIgniter->runController(Object(App\Controllers\RajaOngkir))
 4 SYSTEMPATH\CodeIgniter.php(351): CodeIgniter\CodeIgniter->handleRequest(null, Object(Config\Cache), false)
 5 FCPATH\index.php(67): CodeIgniter\CodeIgniter->run()
ERROR - 2022-12-14 01:30:58 --> mysqli_sql_exception: Column 'username' cannot be null in C:\xampp\htdocs\floram\system\Database\MySQLi\Connection.php:292
Stack trace:
#0 C:\xampp\htdocs\floram\system\Database\MySQLi\Connection.php(292): mysqli->query('INSERT INTO `tb...', 0)
#1 C:\xampp\htdocs\floram\system\Database\BaseConnection.php(666): CodeIgniter\Database\MySQLi\Connection->execute('INSERT INTO `tb...')
#2 C:\xampp\htdocs\floram\system\Database\BaseConnection.php(593): CodeIgniter\Database\BaseConnection->simpleQuery('INSERT INTO `tb...')
#3 C:\xampp\htdocs\floram\system\Database\BaseBuilder.php(1916): CodeIgniter\Database\BaseConnection->query('INSERT INTO `tb...', Array, false)
#4 C:\xampp\htdocs\floram\app\Models\ModelLogin.php(19): CodeIgniter\Database\BaseBuilder->insert(Array)
#5 C:\xampp\htdocs\floram\app\Controllers\Home.php(196): App\Models\ModelLogin->contact(Array)
#6 C:\xampp\htdocs\floram\system\CodeIgniter.php(927): App\Controllers\Home->contact_proses()
#7 C:\xampp\htdocs\floram\system\CodeIgniter.php(482): CodeIgniter\CodeIgniter->runController(Object(App\Controllers\Home))
#8 C:\xampp\htdocs\floram\system\CodeIgniter.php(351): CodeIgniter\CodeIgniter->handleRequest(NULL, Object(Config\Cache), false)
#9 C:\xampp\htdocs\floram\public\index.php(67): CodeIgniter\CodeIgniter->run()
#10 {main}
ERROR - 2022-12-14 22:06:16 --> mysqli_sql_exception: Column 'username' cannot be null in C:\xampp\htdocs\floram\system\Database\MySQLi\Connection.php:292
Stack trace:
#0 C:\xampp\htdocs\floram\system\Database\MySQLi\Connection.php(292): mysqli->query('INSERT INTO `tb...', 0)
#1 C:\xampp\htdocs\floram\system\Database\BaseConnection.php(666): CodeIgniter\Database\MySQLi\Connection->execute('INSERT INTO `tb...')
#2 C:\xampp\htdocs\floram\system\Database\BaseConnection.php(593): CodeIgniter\Database\BaseConnection->simpleQuery('INSERT INTO `tb...')
#3 C:\xampp\htdocs\floram\system\Database\BaseBuilder.php(1916): CodeIgniter\Database\BaseConnection->query('INSERT INTO `tb...', Array, false)
#4 C:\xampp\htdocs\floram\app\Models\ModelLogin.php(35): CodeIgniter\Database\BaseBuilder->insert(Array)
#5 C:\xampp\htdocs\floram\app\Controllers\Home.php(283): App\Models\ModelLogin->ubah_username(Array, NULL)
#6 C:\xampp\htdocs\floram\system\CodeIgniter.php(927): App\Controllers\Home->ubah_username_proses()
#7 C:\xampp\htdocs\floram\system\CodeIgniter.php(482): CodeIgniter\CodeIgniter->runController(Object(App\Controllers\Home))
#8 C:\xampp\htdocs\floram\system\CodeIgniter.php(351): CodeIgniter\CodeIgniter->handleRequest(NULL, Object(Config\Cache), false)
#9 C:\xampp\htdocs\floram\public\index.php(67): CodeIgniter\CodeIgniter->run()
#10 C:\xampp\htdocs\floram\system\Commands\Server\rewrite.php(46): require_once('C:\\xampp\\htdocs...')
#11 {main}
ERROR - 2022-12-14 22:06:27 --> mysqli_sql_exception: Column 'username' cannot be null in C:\xampp\htdocs\floram\system\Database\MySQLi\Connection.php:292
Stack trace:
#0 C:\xampp\htdocs\floram\system\Database\MySQLi\Connection.php(292): mysqli->query('INSERT INTO `tb...', 0)
#1 C:\xampp\htdocs\floram\system\Database\BaseConnection.php(666): CodeIgniter\Database\MySQLi\Connection->execute('INSERT INTO `tb...')
#2 C:\xampp\htdocs\floram\system\Database\BaseConnection.php(593): CodeIgniter\Database\BaseConnection->simpleQuery('INSERT INTO `tb...')
#3 C:\xampp\htdocs\floram\system\Database\BaseBuilder.php(1916): CodeIgniter\Database\BaseConnection->query('INSERT INTO `tb...', Array, false)
#4 C:\xampp\htdocs\floram\app\Models\ModelLogin.php(35): CodeIgniter\Database\BaseBuilder->insert(Array)
#5 C:\xampp\htdocs\floram\app\Controllers\Home.php(283): App\Models\ModelLogin->ubah_username(Array, NULL)
#6 C:\xampp\htdocs\floram\system\CodeIgniter.php(927): App\Controllers\Home->ubah_username_proses()
#7 C:\xampp\htdocs\floram\system\CodeIgniter.php(482): CodeIgniter\CodeIgniter->runController(Object(App\Controllers\Home))
#8 C:\xampp\htdocs\floram\system\CodeIgniter.php(351): CodeIgniter\CodeIgniter->handleRequest(NULL, Object(Config\Cache), false)
#9 C:\xampp\htdocs\floram\public\index.php(67): CodeIgniter\CodeIgniter->run()
#10 C:\xampp\htdocs\floram\system\Commands\Server\rewrite.php(46): require_once('C:\\xampp\\htdocs...')
#11 {main}
